STEP translation to Solid Edge
Date: Wednesday,September 09,2020 07:16PM
Source File: C:\Users\andyw\Documents\RogueGP\Mechanical\Rolling-Shell\Stehlager-TUCP204.step
Author: Rewinsky
Organization: Unknown
Source System: Autodesk Inventor 2013

Hardware:
Processor: Intel(R) Core(TM) i7-4720HQ CPU @ 2.60GHz
Operating System: Windows 10
Installed Memory: 15.91 GB

Software Information
Parasolid Version: 31.1.255
PSBodyShop Version: 31.1.110
Step Adapter Version: 5.0.48
Solid Edge Version: 220.00.00.104 x64

Step Import Options
Import Faceted Bodies: On
Import Check Bodies: Off
Import Curves: On
Import DoNotSave: On
Import Multiple Bodies As Single Part File: On
Import Stitch Surfaces: On
Import Boolean Solids: On
Make Base Feature: On
Simplify Geometry: On
Import Imprint Curves: On
Import Drive: C:
Import Stitch Surfaces: On
Import Surfaces: On
Import Output Path: C:\Users\andyw\Documents\RogueGP\Mechanical\Rolling-Shell
Import Enable Default Output Path: On
Import PMI: Off
Import Path: 

Translating to Parasolid data types...
+Begin Assembly: 1
+Created SE Assembly File C:\Users\andyw\Documents\RogueGP\Mechanical\Rolling-Shell\Stehlager-TUCP204.asm
|--+Created SE Part File C:\Users\andyw\Documents\RogueGP\Mechanical\Rolling-Shell\Gehaeuse.par
|--+Created SE Part File C:\Users\andyw\Documents\RogueGP\Mechanical\Rolling-Shell\DIN 625 SKF- beidseitig abgedichtet SKF 6304-2RS1.par
+Total Parts: 4
+Assemblies: 0
+Solid Bodies: 4
+Sheet Bodies: 0
+End Assembly: 1
Translation process completed
Total time required to translate and post process:00 : 00 : 02
