


          SolidWorks Corporation - SolidEdge Processor Error Log
          ______________________________________________________

                       SolidEdge Post Processor
                       ___________________


SolidEdge File Name: S:\Departments\Design and Technology\Greenpower\2014\greenpower-assembly\full assembly.asm


Error : Transform of component Z7 - Rear Axle Bracket-Right.asm not calculated. Search string not found
Error : Transform of component Z7 - Rear Axle Bracket-Right.asm not calculated. Search string not found
Error : Transform of component Z7 - Rear Axle Bracket-Right.asm not calculated. Search string not found
Error : Transform of component Z7 - Rear Axle Bracket-Right.asm not calculated. Search string not found
Error : Transform of component Z7 - Rear Axle Bracket-Right.asm not calculated. Search string not found
Error : Transform of component Z7 - Rear Axle Bracket-Right.asm not calculated. Search string not found
Error : Transform of component Z7 - Rear Axle Bracket-Right.asm not calculated. Search string not found
Error : Transform of component Z7 - Rear Axle Bracket-Right.asm not calculated. Search string not found
Error : Transform of component Z7 - Rear Axle Bracket-Right.asm not calculated. Search string not found
Error : Transform of component Z7 - Rear Axle Bracket-Right.asm not calculated. Search string not found
Error : Transform of component Z7 - Rear Axle Bracket-Right.asm not calculated. Search string not found
Error : Transform of component Z7 - Rear Axle Bracket-Right.asm not calculated. Search string not found
Error : Transform of component Z7 - Rear Axle Bracket-Right.asm not calculated. Search string not found
Error : Transform of component Z7 - Rear Axle Bracket-Right.asm not calculated. Search string not found
Error : Transform of component Z7 - Rear Axle Bracket-Right.asm not calculated. Search string not found
Error : Transform of component Z7 - Rear Axle Bracket-Right.asm not calculated. Search string not found
Error : Transform of component Z7 - Rear Axle Bracket-Right.asm not calculated. Search string not found
Error : Transform of component Z7 - Rear Axle Bracket-Right.asm not calculated. Search string not found
Error : Transform of component Z7 - Rear Axle Bracket-Right.asm not calculated. Search string not found
Error : Transform of component Z7 - Rear Axle Bracket-Right.asm not calculated. Search string not found
Error : Transform of component Z7 - Rear Axle Bracket-Right.asm not calculated. Search string not found
Error : Transform of component Z7 - Rear Axle Bracket-Right.asm not calculated. Search string not found
Error : Transform of component Z7 - Rear Axle Bracket-Right.asm not calculated. Search string not found
Error : Transform of component Z7 - Rear Axle Bracket-Right.asm not calculated. Search string not found
Error : Transform of component Z7 - Rear Axle Bracket-Right.asm not calculated. Search string not found
Error : Transform of component Z7 - Rear Axle Bracket-Right.asm not calculated. Search string not found
Error : Transform of component Z7 - Rear Axle Bracket-Right.asm not calculated. Search string not found
Error : Transform of component Z7 - Rear Axle Bracket-Right.asm not calculated. Search string not found
Error : Transform of component Z7 - Rear Axle Bracket-Right.asm not calculated. Search string not found
Error : Transform of component Z7 - Rear Axle Bracket-Right.asm not calculated. Search string not found
Error : Transform of component Z7 - Rear Axle Bracket-Right.asm not calculated. Search string not found
Error : Transform of component Z7 - Rear Axle Bracket-Right.asm not calculated. Search string not found
Error : Transform of component Z7 - Rear Axle Bracket-Right.asm not calculated. Search string not found
Error : Transform of component Z7 - Rear Axle Bracket-Right.asm not calculated. Search string not found
Error : Transform of component Z7 - Rear Axle Bracket-Right.asm not calculated. Search string not found
Error : Transform of component Z7 - Rear Axle Bracket-Right.asm not calculated. Search string not found
Error : Tra